[08-07 05:21:04]: [INFO] Created column 'regdate' and set the current timestamp, 1723008064026, to all 0 rows
[08-07 05:21:04]: [INFO] SQLite Setup finished
[08-07 05:21:04]: [INFO] Hooked into PermissionsEx!
[08-07 05:21:04]: [INFO] Hooked successfully into Essentials
[08-07 05:21:04]: [INFO] Hooked successfully into Multiverse-Core
[08-07 05:21:04]: [INFO] Essentials spawn file not found: '/home/runner/work/Actions-Server/Actions-Server/plugins/Essentials/spawn.yml'
[08-07 05:21:04]: [INFO] AuthMe 5.6.0 build n.CUSTOM successfully enabled!
[08-07 05:21:05]: [INFO] Downloading GEO IP database, because the old database is older than 30 days or doesn't exist
[08-07 05:21:05]: [WARN] No MaxMind credentials found in the configuration file! GeoIp protections will be disabled.
[08-07 05:21:05]: [INFO] There is no newer GEO IP database uploaded to MaxMind. Using the old one for now.
[08-07 05:21:05]: [WARN] Could not download GeoLiteAPI database [FileNotFoundException]: plugins/AuthMe/GeoLite2-Country.mmdb (No such file or directory)
[08-07 05:21:05]: java.io.FileNotFoundException: plugins/AuthMe/GeoLite2-Country.mmdb (No such file or directory)
	at java.io.RandomAccessFile.open0(Native Method)
	at java.io.RandomAccessFile.open(RandomAccessFile.java:316)
	at java.io.RandomAccessFile.<init>(RandomAccessFile.java:243)
	at fr.xephi.authme.libs.com.maxmind.db.BufferHolder.<init>(BufferHolder.java:20)
	at fr.xephi.authme.libs.com.maxmind.db.Reader.<init>(Reader.java:121)
	at fr.xephi.authme.service.GeoIpService.startReading(GeoIpService.java:179)
	at fr.xephi.authme.service.GeoIpService.updateDatabase(GeoIpService.java:150)
	at org.bukkit.craftbukkit.v1_8_R3.scheduler.CraftTask.run(CraftTask.java:71)
	at org.bukkit.craftbukkit.v1_8_R3.scheduler.CraftAsyncTask.run(CraftAsyncTask.java:53)
	at java.util.concurrent.ThreadPoolExecutor.runWorker(ThreadPoolExecutor.java:1149)
	at java.util.concurrent.ThreadPoolExecutor$Worker.run(ThreadPoolExecutor.java:624)
	at java.lang.Thread.run(Thread.java:750)

[08-07 05:21:12]: [FINE] konsolas registered 127.30.38.147
[08-07 05:21:12]: [FINE] konsolas logged in 127.30.38.147
[08-07 05:21:20]: [FINE] Fag registered 127.30.38.147
[08-07 05:21:20]: [FINE] The user Fag has 2 accounts:
[08-07 05:21:20]: [FINE] §7§akonsolas§7, §aFag§7.
[08-07 05:21:20]: [FINE] Fag logged in 127.30.38.147
[08-07 05:23:57]: [FINE] efefe registered 127.30.38.147
[08-07 05:24:05]: [FINE] The user efefe has 3 accounts:
[08-07 05:24:05]: [FINE] §7konsolas, §aFag§7, §aefefe§7.
[08-07 05:24:05]: [FINE] efefe logged in 127.30.38.147
[08-07 05:25:46]: [FINE] 1zun4 registered 127.30.38.147
[08-07 05:25:46]: [FINE] The user 1zun4 has 4 accounts:
[08-07 05:25:46]: [FINE] §7konsolas, §aFag§7, efefe, §a1zun4§7.
[08-07 05:25:46]: [FINE] 1zun4 logged in 127.30.38.147
[08-07 05:27:29]: [FINE] The user 1zun4 has 4 accounts:
[08-07 05:27:29]: [FINE] §7konsolas, §aFag§7, efefe, §a1zun4§7.
[08-07 05:27:29]: [FINE] 1zun4 logged in 127.30.38.147
[08-07 05:30:11]: [FINE] The user 1zun4 has 4 accounts:
[08-07 05:30:11]: [FINE] §7konsolas, §aFag§7, efefe, §a1zun4§7.
[08-07 05:30:11]: [FINE] 1zun4 logged in 127.30.38.147
[08-07 05:30:44]: [FINE] Briiqn registered 127.30.38.147
[08-07 05:30:44]: [FINE] The user Briiqn has 5 accounts:
[08-07 05:30:44]: [FINE] §7konsolas, §aFag§7, efefe, 1zun4, §aBriiqn§7.
[08-07 05:30:44]: [FINE] Briiqn logged in 127.30.38.147
[08-07 05:33:17]: [FINE] kons0las registered 127.30.38.147
[08-07 05:33:17]: [FINE] The user kons0las has 6 accounts:
[08-07 05:33:17]: [FINE] §7konsolas, fag, efefe, 1zun4, briiqn, §akons0las§7.
[08-07 05:33:17]: [FINE] kons0las logged in 127.30.38.147
[08-07 05:33:49]: [FINE] The user konsolas has 6 accounts:
[08-07 05:33:49]: [FINE] §7§akonsolas§7, fag, efefe, 1zun4, briiqn, kons0las.
[08-07 05:33:49]: [FINE] konsolas logged in 127.30.38.147
[08-07 05:53:15]: [INFO] SQLite Setup finished
[08-07 05:53:15]: [INFO] Hooked into PermissionsEx!
[08-07 05:53:15]: [INFO] Hooked successfully into Essentials
[08-07 05:53:15]: [INFO] Hooked successfully into Multiverse-Core
[08-07 05:53:15]: [INFO] Essentials spawn file not found: '/home/runner/work/Actions-Server/Actions-Server/plugins/Essentials/spawn.yml'
[08-07 05:53:15]: [INFO] AuthMe 5.6.0 build n.CUSTOM successfully enabled!
[08-07 05:53:16]: [INFO] Downloading GEO IP database, because the old database is older than 30 days or doesn't exist
[08-07 05:53:16]: [WARN] No MaxMind credentials found in the configuration file! GeoIp protections will be disabled.
[08-07 05:53:16]: [INFO] There is no newer GEO IP database uploaded to MaxMind. Using the old one for now.
[08-07 05:53:16]: [WARN] Could not download GeoLiteAPI database [FileNotFoundException]: plugins/AuthMe/GeoLite2-Country.mmdb (No such file or directory)
[08-07 05:53:16]: java.io.FileNotFoundException: plugins/AuthMe/GeoLite2-Country.mmdb (No such file or directory)
	at java.io.RandomAccessFile.open0(Native Method)
	at java.io.RandomAccessFile.open(RandomAccessFile.java:316)
	at java.io.RandomAccessFile.<init>(RandomAccessFile.java:243)
	at fr.xephi.authme.libs.com.maxmind.db.BufferHolder.<init>(BufferHolder.java:20)
	at fr.xephi.authme.libs.com.maxmind.db.Reader.<init>(Reader.java:121)
	at fr.xephi.authme.service.GeoIpService.startReading(GeoIpService.java:179)
	at fr.xephi.authme.service.GeoIpService.updateDatabase(GeoIpService.java:150)
	at org.bukkit.craftbukkit.v1_8_R3.scheduler.CraftTask.run(CraftTask.java:71)
	at org.bukkit.craftbukkit.v1_8_R3.scheduler.CraftAsyncTask.run(CraftAsyncTask.java:53)
	at java.util.concurrent.ThreadPoolExecutor.runWorker(ThreadPoolExecutor.java:1149)
	at java.util.concurrent.ThreadPoolExecutor$Worker.run(ThreadPoolExecutor.java:624)
	at java.lang.Thread.run(Thread.java:750)

[08-07 05:58:06]: [INFO] SQLite Setup finished
[08-07 05:58:06]: [INFO] Hooked into PermissionsEx!
[08-07 05:58:06]: [INFO] Hooked successfully into Essentials
[08-07 05:58:06]: [INFO] Hooked successfully into Multiverse-Core
[08-07 05:58:06]: [INFO] Essentials spawn file not found: '/home/runner/work/Actions-Server/Actions-Server/plugins/Essentials/spawn.yml'
[08-07 05:58:06]: [INFO] AuthMe 5.6.0 build n.CUSTOM successfully enabled!
[08-07 05:58:07]: [INFO] Downloading GEO IP database, because the old database is older than 30 days or doesn't exist
[08-07 05:58:07]: [WARN] No MaxMind credentials found in the configuration file! GeoIp protections will be disabled.
[08-07 05:58:07]: [INFO] There is no newer GEO IP database uploaded to MaxMind. Using the old one for now.
[08-07 05:58:07]: [WARN] Could not download GeoLiteAPI database [FileNotFoundException]: plugins/AuthMe/GeoLite2-Country.mmdb (No such file or directory)
[08-07 05:58:07]: java.io.FileNotFoundException: plugins/AuthMe/GeoLite2-Country.mmdb (No such file or directory)
	at java.io.RandomAccessFile.open0(Native Method)
	at java.io.RandomAccessFile.open(RandomAccessFile.java:316)
	at java.io.RandomAccessFile.<init>(RandomAccessFile.java:243)
	at fr.xephi.authme.libs.com.maxmind.db.BufferHolder.<init>(BufferHolder.java:20)
	at fr.xephi.authme.libs.com.maxmind.db.Reader.<init>(Reader.java:121)
	at fr.xephi.authme.service.GeoIpService.startReading(GeoIpService.java:179)
	at fr.xephi.authme.service.GeoIpService.updateDatabase(GeoIpService.java:150)
	at org.bukkit.craftbukkit.v1_8_R3.scheduler.CraftTask.run(CraftTask.java:71)
	at org.bukkit.craftbukkit.v1_8_R3.scheduler.CraftAsyncTask.run(CraftAsyncTask.java:53)
	at java.util.concurrent.ThreadPoolExecutor.runWorker(ThreadPoolExecutor.java:1149)
	at java.util.concurrent.ThreadPoolExecutor$Worker.run(ThreadPoolExecutor.java:624)
	at java.lang.Thread.run(Thread.java:750)

[08-07 05:59:56]: [INFO] SQLite Setup finished
[08-07 05:59:57]: [INFO] Hooked into PermissionsEx!
[08-07 05:59:57]: [INFO] Hooked successfully into Essentials
[08-07 05:59:57]: [INFO] Hooked successfully into Multiverse-Core
[08-07 05:59:57]: [INFO] Essentials spawn file not found: '/home/runner/work/Actions-Server/Actions-Server/plugins/Essentials/spawn.yml'
[08-07 05:59:58]: [INFO] AuthMe 5.6.0 build n.CUSTOM successfully enabled!
[08-07 06:00:00]: [INFO] Downloading GEO IP database, because the old database is older than 30 days or doesn't exist
[08-07 06:00:00]: [WARN] No MaxMind credentials found in the configuration file! GeoIp protections will be disabled.
[08-07 06:00:00]: [INFO] There is no newer GEO IP database uploaded to MaxMind. Using the old one for now.
[08-07 06:00:01]: [WARN] Could not download GeoLiteAPI database [FileNotFoundException]: plugins/AuthMe/GeoLite2-Country.mmdb (No such file or directory)
[08-07 06:00:01]: java.io.FileNotFoundException: plugins/AuthMe/GeoLite2-Country.mmdb (No such file or directory)
	at java.io.RandomAccessFile.open0(Native Method)
	at java.io.RandomAccessFile.open(RandomAccessFile.java:316)
	at java.io.RandomAccessFile.<init>(RandomAccessFile.java:243)
	at fr.xephi.authme.libs.com.maxmind.db.BufferHolder.<init>(BufferHolder.java:20)
	at fr.xephi.authme.libs.com.maxmind.db.Reader.<init>(Reader.java:121)
	at fr.xephi.authme.service.GeoIpService.startReading(GeoIpService.java:179)
	at fr.xephi.authme.service.GeoIpService.updateDatabase(GeoIpService.java:150)
	at org.bukkit.craftbukkit.v1_8_R3.scheduler.CraftTask.run(CraftTask.java:71)
	at org.bukkit.craftbukkit.v1_8_R3.scheduler.CraftAsyncTask.run(CraftAsyncTask.java:53)
	at java.util.concurrent.ThreadPoolExecutor.runWorker(ThreadPoolExecutor.java:1149)
	at java.util.concurrent.ThreadPoolExecutor$Worker.run(ThreadPoolExecutor.java:624)
	at java.lang.Thread.run(Thread.java:750)

[08-07 06:00:22]: [FINE] The user konsolas has 6 accounts:
[08-07 06:00:22]: [FINE] §7§akonsolas§7, fag, efefe, 1zun4, briiqn, kons0las.
[08-07 06:00:22]: [FINE] konsolas logged in 127.30.38.147
