#
# There is insufficient memory for the Java Runtime Environment to continue.
# Native memory allocation (mmap) failed to map 17179869184 bytes. Error detail: committing reserved memory.
# Possible reasons:
#   The system is out of physical RAM or swap space
#   This process is running with CompressedOops enabled, and the Java Heap may be blocking the growth of the native heap
# Possible solutions:
#   Reduce memory load on the system
#   Increase physical memory or swap space
#   Check if swap backing store is full
#   Decrease Java heap size (-Xmx/-Xms)
#   Decrease number of Java threads
#   Decrease Java thread stack sizes (-Xss)
#   Set larger code cache with -XX:ReservedCodeCacheSize=
#   JVM is running with Zero Based Compressed Oops mode in which the Java heap is
#     placed in the first 32GB address space. The Java Heap base address is the
#     maximum limit for the native heap growth. Please use -XX:HeapBaseMinAddress
#     to set the Java Heap base and to place the Java Heap above 32GB virtual address.
# This output file may be truncated or incomplete.
#
#  Out of Memory Error (os_linux.cpp:2853), pid=1616, tid=1622
#
# JRE version:  (22.0.2+9) (build )
# Java VM: Java HotSpot(TM) 64-Bit Server VM (22.0.2+9-jvmci-b01, mixed mode, sharing, tiered, jvmci, jvmci compiler, compressed oops, compressed class ptrs, g1 gc, linux-amd64)
# Core dump will be written. Default location: Core dumps may be processed with "/usr/share/apport/apport -p%p -s%s -c%c -d%d -P%P -u%u -g%g -- %E" (or dumping to /home/runner/work/Actions-Server/Actions-Server/core.1616)
#

---------------  S U M M A R Y ------------

Command Line: -XX:ThreadPriorityPolicy=1 -XX:+UnlockExperimentalVMOptions -XX:+EnableJVMCIProduct -XX:-UnlockExperimentalVMOptions -XX:+UseG1GC -XX:+ParallelRefProcEnabled -XX:MaxGCPauseMillis=200 -XX:+UnlockExperimentalVMOptions -XX:+DisableExplicitGC -XX:+AlwaysPreTouch -XX:G1NewSizePercent=30 -XX:G1MaxNewSizePercent=40 -XX:G1HeapRegionSize=8M -XX:G1ReservePercent=20 -XX:G1HeapWastePercent=5 -XX:G1MixedGCCountTarget=4 -XX:InitiatingHeapOccupancyPercent=15 -XX:G1MixedGCLiveThresholdPercent=90 -XX:G1RSetUpdatingPauseTimePercent=5 -XX:SurvivorRatio=32 -XX:+PerfDisableSharedMem -XX:MaxTenuringThreshold=1 -Xmx16G -Xms16G spigot.jar

Host: AMD EPYC 7763 64-Core Processor, 2 cores, 7G, Ubuntu 22.04.4 LTS
Time: Tue Aug  6 23:44:07 2024 UTC elapsed time: 0.008456 seconds (0d 0h 0m 0s)

---------------  T H R E A D  ---------------

Current thread (0x00007f23d002b9f0):  JavaThread "Unknown thread" [_thread_in_vm, id=1622, stack(0x00007f23d7f00000,0x00007f23d8000000) (1024K)]

Stack: [0x00007f23d7f00000,0x00007f23d8000000],  sp=0x00007f23d7ffe420,  free space=1017k
Native frames: (J=compiled Java code, j=interpreted, Vv=VM code, C=native code)
V  [libjvm.so+0xf467a6]  VMError::report_and_die(int, char const*, char const*, __va_list_tag*, Thread*, unsigned char*, void*, void*, char const*, int, unsigned long)+0x2b6  (os_linux.cpp:2853)
V  [libjvm.so+0xf471dd]
V  [libjvm.so+0x68c25d]
V  [libjvm.so+0xcdcf3d]  os::pd_commit_memory_or_exit(char*, unsigned long, unsigned long, bool, char const*)+0xdd
V  [libjvm.so+0xcd600b]  os::commit_memory_or_exit(char*, unsigned long, unsigned long, bool, char const*)+0x1b
V  [libjvm.so+0x7ef27b]  G1PageBasedVirtualSpace::commit(unsigned long, unsigned long)+0x5b
V  [libjvm.so+0x806fc7]  G1RegionsLargerThanCommitSizeMapper::commit_regions(unsigned int, unsigned long, WorkerThreads*)+0xa7
V  [libjvm.so+0x8983f6]  HeapRegionManager::commit_regions(unsigned int, unsigned long, WorkerThreads*)+0x56
V  [libjvm.so+0x89a03b]  HeapRegionManager::expand(unsigned int, unsigned int, WorkerThreads*)+0x2b
V  [libjvm.so+0x89a245]  HeapRegionManager::expand_by(unsigned int, WorkerThreads*)+0x75
V  [libjvm.so+0x7a33ac]  G1CollectedHeap::expand(unsigned long, WorkerThreads*, double*)+0xfc
V  [libjvm.so+0x7a394a]  G1CollectedHeap::initialize()+0x54a
V  [libjvm.so+0xeeac70]  universe_init()+0xd0
V  [libjvm.so+0x8bbe66]  init_globals()+0x36
V  [libjvm.so+0xeca4a7]  Threads::create_vm(JavaVMInitArgs*, bool*)+0x297
V  [libjvm.so+0x997d2e]  JNI_CreateJavaVM+0x4e
C  [libjli.so+0x3c2f]  JavaMain+0x8f
C  [libjli.so+0x7ee9]  ThreadJavaMain+0x9

---------------  P R O C E S S  ---------------

Threads class SMR info:
_java_thread_list=0x00007f23d94a44a0, length=0, elements={
}

Java Threads: ( => current thread )
Total: 0

Other Threads:
  0x00007f23d0055be0 WorkerThread "GC Thread#0"                     [id=1623, stack(0x00007f23d5962000,0x00007f23d5a62000) (1024K)]
  0x00007f23d00671b0 ConcurrentGCThread "G1 Main Marker"            [id=1624, stack(0x00007f23d5861000,0x00007f23d5961000) (1024K)]
  0x00007f23d0068150 WorkerThread "G1 Conc#0"                       [id=1625, stack(0x00007f23d5760000,0x00007f23d5860000) (1024K)]

[error occurred during error reporting (printing all threads), id 0xb, SIGSEGV (0xb) at pc=0x00007f23d87bf110]
VM state: not at safepoint (not fully initialized)

VM Mutex/Monitor currently owned by a thread:  ([mutex/lock_event])
[0x00007f23d947e818] Heap_lock - owner thread: 0x00007f23d002b9f0

Heap address: 0x0000000400000000, size: 16384 MB, Compressed Oops mode: Zero based, Oop shift amount: 3

CDS archive(s) mapped at: [0x0000000000000000-0x0000000000000000-0x0000000000000000), size 0, SharedBaseAddress: 0x0000000800000000, ArchiveRelocationMode: 1.
Narrow klass base: 0x0000000000000000, Narrow klass shift: 0, Narrow klass range: 0x0

GC Precious Log:
 CardTable entry size: 512
 Card Set container configuration: InlinePtr #cards 4 size 8 Array Of Cards #cards 64 size 144 Howl #buckets 8 coarsen threshold 14745 Howl Bitmap #cards 2048 size 272 coarsen threshold 1843 Card regions per heap region 1 cards per card region 16384

Heap:
 garbage-first heap   total reserved 16777216K, committed 0K, used 0K [0x0000000400000000, 0x0000000800000000)
  region size 8192K, 0 young (0K), 0 survivors (0K)

[error occurred during error reporting (printing heap information), id 0xb, SIGSEGV (0xb) at pc=0x00007f23d8d892aa]
GC Heap History (0 events):
No events

Dll operation events (1 events):
Event: 0.001 Loaded shared library /opt/hostedtoolcache/graalvm-jdk-22_linux-x64_bin/22.0.0/x64/graalvm-jdk-22.0.2+9.1/lib/libjava.so

Deoptimization events (0 events):
No events

Classes loaded (0 events):
No events

Classes unloaded (0 events):
No events

Classes redefined (0 events):
No events

Internal exceptions (0 events):
No events

ZGC Phase Switch (0 events):
No events

VM Operations (0 events):
No events

Memory protections (1 events):
Event: 0.001 Protecting memory [0x00007f23d7f00000,0x00007f23d7f04000] with protection modes 0

Nmethod flushes (0 events):
No events

Events (0 events):
No events


Dynamic libraries:
55a1895d6000-55a1895d7000 r-xp 00000000 08:01 258058                     /opt/hostedtoolcache/graalvm-jdk-22_linux-x64_bin/22.0.0/x64/graalvm-jdk-22.0.2+9.1/bin/java
55a1895d8000-55a1895d9000 r--p 00001000 08:01 258058                     /opt/hostedtoolcache/graalvm-jdk-22_linux-x64_bin/22.0.0/x64/graalvm-jdk-22.0.2+9.1/bin/java
55a1895d9000-55a1895da000 rw-p 00002000 08:01 258058                     /opt/hostedtoolcache/graalvm-jdk-22_linux-x64_bin/22.0.0/x64/graalvm-jdk-22.0.2+9.1/bin/java
55a18a84f000-55a18a896000 rw-p 00000000 00:00 0                          [heap]
7f2396000000-7f2398000000 rw-p 00000000 00:00 0 
7f2398000000-7f2398021000 rw-p 00000000 00:00 0 
7f2398021000-7f239c000000 ---p 00000000 00:00 0 
7f239c000000-7f239c021000 rw-p 00000000 00:00 0 
7f239c021000-7f23a0000000 ---p 00000000 00:00 0 
7f23a0000000-7f23a0021000 rw-p 00000000 00:00 0 
7f23a0021000-7f23a4000000 ---p 00000000 00:00 0 
7f23a5200000-7f23b7200000 ---p 00000000 00:00 0 
7f23b7200000-7f23b7470000 rwxp 00000000 00:00 0 
7f23b7470000-7f23be738000 ---p 00000000 00:00 0 
7f23be738000-7f23be9a8000 rwxp 00000000 00:00 0 
7f23be9a8000-7f23becc7000 ---p 00000000 00:00 0 
7f23becc7000-7f23bef37000 rwxp 00000000 00:00 0 
7f23bef37000-7f23c6200000 ---p 00000000 00:00 0 
7f23c6200000-7f23cfefa000 r--s 00000000 08:01 279962                     /opt/hostedtoolcache/graalvm-jdk-22_linux-x64_bin/22.0.0/x64/graalvm-jdk-22.0.2+9.1/lib/modules
7f23d0000000-7f23d007e000 rw-p 00000000 00:00 0 
7f23d007e000-7f23d4000000 ---p 00000000 00:00 0 
7f23d5124000-7f23d575f000 rw-p 00000000 00:00 0 
7f23d575f000-7f23d5760000 ---p 00000000 00:00 0 
7f23d5760000-7f23d5860000 rw-p 00000000 00:00 0 
7f23d5860000-7f23d5861000 ---p 00000000 00:00 0 
7f23d5861000-7f23d5961000 rw-p 00000000 00:00 0 
7f23d5961000-7f23d5962000 ---p 00000000 00:00 0 
7f23d5962000-7f23d5aa7000 rw-p 00000000 00:00 0 
7f23d5aa7000-7f23d7aa7000 ---p 00000000 00:00 0 
7f23d7aa7000-7f23d7d2f000 rw-p 00000000 00:00 0 
7f23d7d2f000-7f23d7e15000 ---p 00000000 00:00 0 
7f23d7e15000-7f23d7e1a000 rw-p 00000000 00:00 0 
7f23d7e1a000-7f23d7f00000 ---p 00000000 00:00 0 
7f23d7f00000-7f23d7f04000 ---p 00000000 00:00 0 
7f23d7f04000-7f23d8000000 rw-p 00000000 00:00 0 
7f23d8000000-7f23d9340000 r-xp 00000000 08:01 279971                     /opt/hostedtoolcache/graalvm-jdk-22_linux-x64_bin/22.0.0/x64/graalvm-jdk-22.0.2+9.1/lib/server/libjvm.so
7f23d9340000-7f23d9341000 ---p 01340000 08:01 279971                     /opt/hostedtoolcache/graalvm-jdk-22_linux-x64_bin/22.0.0/x64/graalvm-jdk-22.0.2+9.1/lib/server/libjvm.so
7f23d9341000-7f23d940e000 r--p 01340000 08:01 279971                     /opt/hostedtoolcache/graalvm-jdk-22_linux-x64_bin/22.0.0/x64/graalvm-jdk-22.0.2+9.1/lib/server/libjvm.so
7f23d940e000-7f23d943c000 rw-p 0140d000 08:01 279971                     /opt/hostedtoolcache/graalvm-jdk-22_linux-x64_bin/22.0.0/x64/graalvm-jdk-22.0.2+9.1/lib/server/libjvm.so
7f23d943c000-7f23d94b2000 rw-p 00000000 00:00 0 
7f23d94b4000-7f23d94f5000 rw-p 00000000 00:00 0 
7f23d94f5000-7f23d9515000 r-xp 00000000 08:01 279933                     /opt/hostedtoolcache/graalvm-jdk-22_linux-x64_bin/22.0.0/x64/graalvm-jdk-22.0.2+9.1/lib/libjava.so
7f23d9515000-7f23d9516000 ---p 00020000 08:01 279933                     /opt/hostedtoolcache/graalvm-jdk-22_linux-x64_bin/22.0.0/x64/graalvm-jdk-22.0.2+9.1/lib/libjava.so
7f23d9516000-7f23d9517000 r--p 00020000 08:01 279933                     /opt/hostedtoolcache/graalvm-jdk-22_linux-x64_bin/22.0.0/x64/graalvm-jdk-22.0.2+9.1/lib/libjava.so
7f23d9517000-7f23d9518000 rw-p 00021000 08:01 279933                     /opt/hostedtoolcache/graalvm-jdk-22_linux-x64_bin/22.0.0/x64/graalvm-jdk-22.0.2+9.1/lib/libjava.so
7f23d9518000-7f23d9519000 rw-p 00000000 00:00 0 
7f23d9519000-7f23d9527000 r--p 00000000 08:01 3605                       /usr/lib/x86_64-linux-gnu/libm.so.6
7f23d9527000-7f23d95a3000 r-xp 0000e000 08:01 3605                       /usr/lib/x86_64-linux-gnu/libm.so.6
7f23d95a3000-7f23d95fe000 r--p 0008a000 08:01 3605                       /usr/lib/x86_64-linux-gnu/libm.so.6
7f23d95fe000-7f23d95ff000 r--p 000e4000 08:01 3605                       /usr/lib/x86_64-linux-gnu/libm.so.6
7f23d95ff000-7f23d9600000 rw-p 000e5000 08:01 3605                       /usr/lib/x86_64-linux-gnu/libm.so.6
7f23d9600000-7f23d9628000 r--p 00000000 08:01 3602                       /usr/lib/x86_64-linux-gnu/libc.so.6
7f23d9628000-7f23d97bd000 r-xp 00028000 08:01 3602                       /usr/lib/x86_64-linux-gnu/libc.so.6
7f23d97bd000-7f23d9815000 r--p 001bd000 08:01 3602                       /usr/lib/x86_64-linux-gnu/libc.so.6
7f23d9815000-7f23d9816000 ---p 00215000 08:01 3602                       /usr/lib/x86_64-linux-gnu/libc.so.6
7f23d9816000-7f23d981a000 r--p 00215000 08:01 3602                       /usr/lib/x86_64-linux-gnu/libc.so.6
7f23d981a000-7f23d981c000 rw-p 00219000 08:01 3602                       /usr/lib/x86_64-linux-gnu/libc.so.6
7f23d981c000-7f23d9829000 rw-p 00000000 00:00 0 
7f23d983a000-7f23d983f000 rw-p 00000000 00:00 0 
7f23d983f000-7f23d9846000 ---p 00000000 00:00 0 
7f23d9846000-7f23d9864000 r-xp 00000000 08:01 279937                     /opt/hostedtoolcache/graalvm-jdk-22_linux-x64_bin/22.0.0/x64/graalvm-jdk-22.0.2+9.1/lib/libjimage.so
7f23d9864000-7f23d9866000 r--p 0001d000 08:01 279937                     /opt/hostedtoolcache/graalvm-jdk-22_linux-x64_bin/22.0.0/x64/graalvm-jdk-22.0.2+9.1/lib/libjimage.so
7f23d9866000-7f23d9867000 rw-p 0001f000 08:01 279937                     /opt/hostedtoolcache/graalvm-jdk-22_linux-x64_bin/22.0.0/x64/graalvm-jdk-22.0.2+9.1/lib/libjimage.so
7f23d9867000-7f23d9868000 r--p 00000000 08:01 3616                       /usr/lib/x86_64-linux-gnu/librt.so.1
7f23d9868000-7f23d9869000 r-xp 00001000 08:01 3616                       /usr/lib/x86_64-linux-gnu/librt.so.1
7f23d9869000-7f23d986a000 r--p 00002000 08:01 3616                       /usr/lib/x86_64-linux-gnu/librt.so.1
7f23d986a000-7f23d986b000 r--p 00002000 08:01 3616                       /usr/lib/x86_64-linux-gnu/librt.so.1
7f23d986b000-7f23d986c000 rw-p 00003000 08:01 3616                       /usr/lib/x86_64-linux-gnu/librt.so.1
7f23d986c000-7f23d9870000 rw-p 00000000 00:00 0 
7f23d9870000-7f23d9871000 r--p 00000000 08:01 3604                       /usr/lib/x86_64-linux-gnu/libdl.so.2
7f23d9871000-7f23d9872000 r-xp 00001000 08:01 3604                       /usr/lib/x86_64-linux-gnu/libdl.so.2
7f23d9872000-7f23d9873000 r--p 00002000 08:01 3604                       /usr/lib/x86_64-linux-gnu/libdl.so.2
7f23d9873000-7f23d9874000 r--p 00002000 08:01 3604                       /usr/lib/x86_64-linux-gnu/libdl.so.2
7f23d9874000-7f23d9875000 rw-p 00003000 08:01 3604                       /usr/lib/x86_64-linux-gnu/libdl.so.2
7f23d9875000-7f23d9876000 r--p 00000000 08:01 3614                       /usr/lib/x86_64-linux-gnu/libpthread.so.0
7f23d9876000-7f23d9877000 r-xp 00001000 08:01 3614                       /usr/lib/x86_64-linux-gnu/libpthread.so.0
7f23d9877000-7f23d9878000 r--p 00002000 08:01 3614                       /usr/lib/x86_64-linux-gnu/libpthread.so.0
7f23d9878000-7f23d9879000 r--p 00002000 08:01 3614                       /usr/lib/x86_64-linux-gnu/libpthread.so.0
7f23d9879000-7f23d987a000 rw-p 00003000 08:01 3614                       /usr/lib/x86_64-linux-gnu/libpthread.so.0
7f23d987a000-7f23d9888000 r-xp 00000000 08:01 279938                     /opt/hostedtoolcache/graalvm-jdk-22_linux-x64_bin/22.0.0/x64/graalvm-jdk-22.0.2+9.1/lib/libjli.so
7f23d9888000-7f23d9889000 r--p 0000e000 08:01 279938                     /opt/hostedtoolcache/graalvm-jdk-22_linux-x64_bin/22.0.0/x64/graalvm-jdk-22.0.2+9.1/lib/libjli.so
7f23d9889000-7f23d988a000 rw-p 0000f000 08:01 279938                     /opt/hostedtoolcache/graalvm-jdk-22_linux-x64_bin/22.0.0/x64/graalvm-jdk-22.0.2+9.1/lib/libjli.so
7f23d988a000-7f23d988c000 r--p 00000000 08:01 3920                       /usr/lib/x86_64-linux-gnu/libz.so.1.2.11
7f23d988c000-7f23d989d000 r-xp 00002000 08:01 3920                       /usr/lib/x86_64-linux-gnu/libz.so.1.2.11
7f23d989d000-7f23d98a3000 r--p 00013000 08:01 3920                       /usr/lib/x86_64-linux-gnu/libz.so.1.2.11
7f23d98a3000-7f23d98a4000 ---p 00019000 08:01 3920                       /usr/lib/x86_64-linux-gnu/libz.so.1.2.11
7f23d98a4000-7f23d98a5000 r--p 00019000 08:01 3920                       /usr/lib/x86_64-linux-gnu/libz.so.1.2.11
7f23d98a5000-7f23d98a6000 rw-p 0001a000 08:01 3920                       /usr/lib/x86_64-linux-gnu/libz.so.1.2.11
7f23d98a8000-7f23d98b0000 rw-p 00000000 00:00 0 
7f23d98b0000-7f23d98b1000 ---p 00000000 00:00 0 
7f23d98b1000-7f23d98b2000 r--p 00000000 00:00 0 
7f23d98b2000-7f23d98b4000 rw-p 00000000 00:00 0 
7f23d98b4000-7f23d98b6000 r--p 00000000 08:01 3599                       /usr/lib/x86_64-linux-gnu/ld-linux-x86-64.so.2
7f23d98b6000-7f23d98e0000 r-xp 00002000 08:01 3599                       /usr/lib/x86_64-linux-gnu/ld-linux-x86-64.so.2
7f23d98e0000-7f23d98eb000 r--p 0002c000 08:01 3599                       /usr/lib/x86_64-linux-gnu/ld-linux-x86-64.so.2
7f23d98eb000-7f23d98ec000 ---p 00000000 00:00 0 
7f23d98ec000-7f23d98ee000 r--p 00037000 08:01 3599                       /usr/lib/x86_64-linux-gnu/ld-linux-x86-64.so.2
7f23d98ee000-7f23d98f0000 rw-p 00039000 08:01 3599                       /usr/lib/x86_64-linux-gnu/ld-linux-x86-64.so.2
7ffcef3cf000-7ffcef3f1000 rw-p 00000000 00:00 0                          [stack]
7ffcef3f7000-7ffcef3fb000 r--p 00000000 00:00 0                          [vvar]
7ffcef3fb000-7ffcef3fd000 r-xp 00000000 00:00 0                          [vdso]
ffffffffff600000-ffffffffff601000 --xp 00000000 00:00 0                  [vsyscall]
Total number of mappings: 102


VM Arguments:
jvm_args: -XX:ThreadPriorityPolicy=1 -XX:+UnlockExperimentalVMOptions -XX:+EnableJVMCIProduct -XX:-UnlockExperimentalVMOptions -XX:+UseG1GC -XX:+ParallelRefProcEnabled -XX:MaxGCPauseMillis=200 -XX:+UnlockExperimentalVMOptions -XX:+DisableExplicitGC -XX:+AlwaysPreTouch -XX:G1NewSizePercent=30 -XX:G1MaxNewSizePercent=40 -XX:G1HeapRegionSize=8M -XX:G1ReservePercent=20 -XX:G1HeapWastePercent=5 -XX:G1MixedGCCountTarget=4 -XX:InitiatingHeapOccupancyPercent=15 -XX:G1MixedGCLiveThresholdPercent=90 -XX:G1RSetUpdatingPauseTimePercent=5 -XX:SurvivorRatio=32 -XX:+PerfDisableSharedMem -XX:MaxTenuringThreshold=1 -Xmx16G -Xms16G 
java_command: spigot.jar
java_class_path (initial): spigot.jar
Launcher Type: SUN_STANDARD

[Global flags]
     bool AlwaysPreTouch                           = true                                      {product} {command line}
     bool AlwaysTenure                             = false                                     {product} {command line}
     intx CICompilerCount                          = 2                                         {product} {ergonomic}
     uint ConcGCThreads                            = 1                                         {product} {ergonomic}
     bool DisableExplicitGC                        = true                                      {product} {command line}
     bool EnableJVMCIProduct                       = true                                {JVMCI product} {jimage}
     uint G1ConcRefinementThreads                  = 2                                         {product} {ergonomic}
     uint G1EagerReclaimRemSetThreshold            = 64                                   {experimental} {ergonomic}
   size_t G1HeapRegionSize                         = 8388608                                   {product} {command line}
     uint G1HeapWastePercent                       = 5                                         {product} {command line}
     uint G1MaxNewSizePercent                      = 40                                   {experimental} {command line}
    uintx G1MixedGCCountTarget                     = 4                                         {product} {command line}
     uint G1MixedGCLiveThresholdPercent            = 90                                   {experimental} {command line}
     uint G1NewSizePercent                         = 30                                   {experimental} {command line}
     uint G1RSetUpdatingPauseTimePercent           = 5                                         {product} {command line}
     uint G1RemSetArrayOfCardsEntries              = 64                                   {experimental} {ergonomic}
     uint G1RemSetHowlMaxNumBuckets                = 8                                    {experimental} {ergonomic}
     uint G1RemSetHowlNumBuckets                   = 8                                    {experimental} {ergonomic}
     uint G1ReservePercent                         = 20                                        {product} {command line}
   size_t InitialHeapSize                          = 17179869184                               {product} {command line}
     uint InitialTenuringThreshold                 = 1                                         {product} {ergonomic}
     uint InitiatingHeapOccupancyPercent           = 15                                        {product} {command line}
   size_t MarkStackSize                            = 4194304                                   {product} {ergonomic}
    uintx MaxGCPauseMillis                         = 200                                       {product} {command line}
   size_t MaxHeapSize                              = 17179869184                               {product} {command line}
     uint MaxTenuringThreshold                     = 1                                         {product} {command line}
   size_t MinHeapDeltaBytes                        = 8388608                                   {product} {ergonomic}
   size_t MinHeapSize                              = 17179869184                               {product} {command line}
     bool NeverTenure                              = false                                     {product} {command line}
    uintx NonNMethodCodeHeapSize                   = 5826188                                {pd product} {ergonomic}
    uintx NonProfiledCodeHeapSize                  = 122916026                              {pd product} {ergonomic}
     bool ParallelRefProcEnabled                   = true                                      {product} {command line}
     bool PerfDisableSharedMem                     = true                                      {product} {command line}
    uintx ProfiledCodeHeapSize                     = 122916026                              {pd product} {ergonomic}
    uintx ReservedCodeCacheSize                    = 251658240                              {pd product} {ergonomic}
     bool SegmentedCodeCache                       = true                                      {product} {ergonomic}
   size_t SoftMaxHeapSize                          = 17179869184                            {manageable} {ergonomic}
    uintx SurvivorRatio                            = 32                                        {product} {command line}
      int ThreadPriorityPolicy                     = 1                                         {product} {jimage}
     bool UnlockExperimentalVMOptions              = true                                 {experimental} {command line}
     bool UseCompressedOops                        = true                           {product lp64_product} {ergonomic}
     bool UseG1GC                                  = true                                      {product} {command line}

Logging:
Log output configuration:
 #0: stdout all=warning uptime,level,tags foldmultilines=false
 #1: stderr all=off uptime,level,tags foldmultilines=false

Environment Variables:
JAVA_HOME=/opt/hostedtoolcache/graalvm-jdk-22_linux-x64_bin/22.0.0/x64/graalvm-jdk-22.0.2+9.1
PATH=/opt/hostedtoolcache/graalvm-jdk-22_linux-x64_bin/22.0.0/x64/graalvm-jdk-22.0.2+9.1/bin:/snap/bin:/home/runner/.local/bin:/opt/pipx_bin:/home/runner/.cargo/bin:/home/runner/.config/composer/vendor/bin:/usr/local/.ghcup/bin:/home/runner/.dotnet/tools:/usr/local/sbin:/usr/local/bin:/usr/sbin:/usr/bin:/sbin:/bin:/usr/games:/usr/local/games:/snap/bin
XDG_CONFIG_HOME=/home/runner/.config
LANG=C.UTF-8

Active Locale:
LC_ALL=C
LC_COLLATE=C
LC_CTYPE=C
LC_MESSAGES=C
LC_MONETARY=C
LC_NUMERIC=C
LC_TIME=C

Signal Handlers:
   SIGSEGV: crash_handler in libjvm.so, mask=11100100010111111101111111111110, flags=SA_RESTART|SA_SIGINFO, unblocked
    SIGBUS: crash_handler in libjvm.so, mask=11100100010111111101111111111110, flags=SA_RESTART|SA_SIGINFO, unblocked
    SIGFPE: crash_handler in libjvm.so, mask=11100100010111111101111111111110, flags=SA_RESTART|SA_SIGINFO, unblocked
   SIGPIPE: javaSignalHandler in libjvm.so, mask=11100100010111111101111111111110, flags=SA_RESTART|SA_SIGINFO, blocked
   SIGXFSZ: javaSignalHandler in libjvm.so, mask=11100100010111111101111111111110, flags=SA_RESTART|SA_SIGINFO, blocked
    SIGILL: crash_handler in libjvm.so, mask=11100100010111111101111111111110, flags=SA_RESTART|SA_SIGINFO, unblocked
   SIGUSR2: SR_handler in libjvm.so, mask=00000000000000000000000000000000, flags=SA_RESTART|SA_SIGINFO, blocked
    SIGHUP: SIG_DFL, mask=00000000000000000000000000000000, flags=none, blocked
    SIGINT: SIG_IGN, mask=00000000000000000000000000000000, flags=none, blocked
   SIGTERM: SIG_DFL, mask=00000000000000000000000000000000, flags=none, blocked
   SIGQUIT: UserHandler in libjvm.so, mask=11100100010111111101111111111110, flags=SA_RESTART|SA_SIGINFO, blocked
   SIGTRAP: crash_handler in libjvm.so, mask=11100100010111111101111111111110, flags=SA_RESTART|SA_SIGINFO, unblocked


Periodic native trim disabled

---------------  S Y S T E M  ---------------

OS:
DISTRIB_ID=Ubuntu
DISTRIB_RELEASE=22.04
DISTRIB_CODENAME=jammy
DISTRIB_DESCRIPTION="Ubuntu 22.04.4 LTS"
uname: Linux 6.5.0-1025-azure #26~22.04.1-Ubuntu SMP Thu Jul 11 22:33:04 UTC 2024 x86_64
OS uptime: 0 days 0:02 hours
libc: glibc 2.35 NPTL 2.35 
rlimit (soft/hard): STACK 16384k/infinity , CORE 0k/infinity , NPROC 31693/31693 , NOFILE 65536/65536 , AS infinity/infinity , CPU infinity/infinity , DATA infinity/infinity , FSIZE infinity/infinity , MEMLOCK 8192k/8192k
load average: 0.98 0.34 0.12

/proc/meminfo:
MemTotal:        8119856 kB
MemFree:         4040608 kB
MemAvailable:    7039744 kB
Buffers:          178752 kB
Cached:          2800536 kB
SwapCached:            0 kB
Active:          1034436 kB
Inactive:        2408196 kB
Active(anon):     496020 kB
Inactive(anon):        0 kB
Active(file):     538416 kB
Inactive(file):  2408196 kB
Unevictable:       47108 kB
Mlocked:           44036 kB
SwapTotal:       3145724 kB
SwapFree:        3145724 kB
Zswap:                 0 kB
Zswapped:              0 kB
Dirty:            179536 kB
Writeback:            16 kB
AnonPages:        493516 kB
Mapped:           375784 kB
Shmem:             23612 kB
KReclaimable:     366088 kB
Slab:             442492 kB
SReclaimable:     366088 kB
SUnreclaim:        76404 kB
KernelStack:        3824 kB
PageTables:         5660 kB
SecPageTables:         0 kB
NFS_Unstable:          0 kB
Bounce:                0 kB
WritebackTmp:          0 kB
CommitLimit:     7205652 kB
Committed_AS:    2355360 kB
VmallocTotal:   34359738367 kB
VmallocUsed:       36864 kB
VmallocChunk:          0 kB
Percpu:             1120 kB
HardwareCorrupted:     0 kB
AnonHugePages:    174080 kB
ShmemHugePages:        0 kB
ShmemPmdMapped:        0 kB
FileHugePages:         0 kB
FilePmdMapped:         0 kB
Unaccepted:            0 kB
HugePages_Total:       0
HugePages_Free:        0
HugePages_Rsvd:        0
HugePages_Surp:        0
Hugepagesize:       2048 kB
Hugetlb:               0 kB
DirectMap4k:       81856 kB
DirectMap2M:     3063808 kB
DirectMap1G:     7340032 kB

/sys/kernel/mm/transparent_hugepage/enabled: [always] madvise never
/sys/kernel/mm/transparent_hugepage/hpage_pmd_size: 2097152
/sys/kernel/mm/transparent_hugepage/shmem_enabled: always within_size advise [never] deny force
/sys/kernel/mm/transparent_hugepage/defrag (defrag/compaction efforts parameter): always defer defer+madvise [madvise] never

Process Memory:
Virtual Size: 1070220K (peak: 17843112K)
Resident Set Size: 27972K (peak: 27972K) (anon: 14532K, file: 13440K, shmem: 0K)
Swapped out: 0K
C-Heap outstanding allocations: 9810K, retained: 601K
glibc malloc tunables: (default)

/proc/sys/kernel/threads-max (system-wide limit on the number of threads): 63387
/proc/sys/vm/max_map_count (maximum number of memory map areas a process may have): 262144
/proc/sys/vm/swappiness (control to define how aggressively the kernel swaps out anonymous memory): 60
/proc/sys/kernel/pid_max (system-wide limit on number of process identifiers): 4194304

container (cgroup) information:
container_type: cgroupv2
cpu_cpuset_cpus: not supported
cpu_memory_nodes: not supported
active_processor_count: 2
cpu_quota: no quota
cpu_period: 100000
cpu_shares: no shares
memory_limit_in_bytes: unlimited
memory_and_swap_limit_in_bytes: unlimited
memory_soft_limit_in_bytes: unlimited
memory_usage_in_bytes: 3129860 k
memory_max_usage_in_bytes: not supported
memory_swap_current_in_bytes: unlimited
memory_swap_max_limit_in_bytes: unlimited
maximum number of tasks: 9508
current number of tasks: 71

Hyper-V virtualization detected
Steal ticks since vm start: 0
Steal ticks percentage since vm start:  0.000

CPU: total 2 (initial active 2) (16 cores per cpu, 2 threads per core) family 25 model 1 stepping 1 microcode 0xffffffff, cx8, cmov, fxsr, ht, mmx, 3dnowpref, sse, sse2, sse3, ssse3, sse4a, sse4.1, sse4.2, popcnt, lzcnt, tsc, tscinvbit, avx, avx2, aes, erms, clmul, bmi1, bmi2, adx, sha, fma, vzeroupper, clflush, clflushopt, hv, rdtscp, rdpid, fsrm, f16c, cet_ss
CPU Model and flags from /proc/cpuinfo:
model name	: AMD EPYC 7763 64-Core Processor
flags		: fpu vme de pse tsc msr pae mce cx8 apic sep mtrr pge mca cmov pat pse36 clflush mmx fxsr sse sse2 ht syscall nx mmxext fxsr_opt pdpe1gb rdtscp lm constant_tsc rep_good nopl tsc_reliable nonstop_tsc cpuid extd_apicid aperfmperf pni pclmulqdq ssse3 fma cx16 pcid sse4_1 sse4_2 movbe popcnt aes xsave avx f16c rdrand hypervisor lahf_lm cmp_legacy svm cr8_legacy abm sse4a misalignsse 3dnowprefetch osvw topoext invpcid_single vmmcall fsgsbase bmi1 avx2 smep bmi2 erms invpcid rdseed adx smap clflushopt clwb sha_ni xsaveopt xsavec xgetbv1 xsaves clzero xsaveerptr rdpru arat npt nrip_save tsc_scale vmcb_clean flushbyasid decodeassists pausefilter pfthreshold v_vmsave_vmload umip vaes vpclmulqdq rdpid fsrm

Online cpus: 0-1
Offline cpus: 
BIOS frequency limitation: <Not Available>
Frequency switch latency (ns): <Not Available>
Available cpu frequencies: <Not Available>
Current governor: <Not Available>
Core performance/turbo boost: <Not Available>

Memory: 4k page, physical 8119856k(7039744k free), swap 3145724k(3145724k free)
Page Sizes: 4k

vm_info: Java HotSpot(TM) 64-Bit Server VM (22.0.2+9-jvmci-b01) for linux-amd64 JRE (22.0.2+9-jvmci-b01), built on 2024-06-05T21:35:02Z by "buildslave" with gcc 13.2.0

END.
