24-08-08 19:26:53 [INFO] Logger started.
24-08-08 19:26:53 [INFO] Logging system initialized.
24-08-08 19:26:53 [INFO] Detected Minecraft version: 1.8.8
24-08-08 19:27:04 [INFO] McAccess set to: 1.8.4-1.8.8 / Spigot-CB-1.8_R3
24-08-08 19:27:05 [INFO] Applied block patches for multi client protocol support: water_lily, soil, vine, shulker_box
24-08-08 19:27:05 [INFO] Update block-info: Block shape patch for multi client protocol support.
24-08-08 19:27:05 [WARNING] Bad block id (compatibility.blocks.overrideflags): moving_piston
24-08-08 19:27:05 [INFO] Inventory checks: FastConsume is available, disabled InstantEat.
24-08-08 19:27:05 [INFO] Packet level access: ProtocolLib is not available.
24-08-08 19:27:05 [INFO] Version 3.17.1-SNAPSHOT-Updated-b192 is enabled.
24-08-08 19:27:08 [INFO] Post-enable running...
24-08-08 19:27:08 [INFO] Post-enable finished.
24-08-08 19:27:08 [INFO] [GenericInstanceRegistry] Registered (override) for itself: fr.neatmonster.nocheatplus.hooks.ExemptionSettings
24-08-08 19:27:08 [INFO] [GenericInstanceRegistry] Registered for itself: fr.neatmonster.nocheatplus.stats.Counters
24-08-08 19:27:08 [INFO] [GenericInstanceRegistry] Registered for itself: fr.neatmonster.nocheatplus.checks.workaround.WRPT
24-08-08 19:27:08 [INFO] [GenericInstanceRegistry] Registered for itself: fr.neatmonster.nocheatplus.checks.moving.location.tracking.LocationTrace$TraceEntryPool
24-08-08 19:27:08 [INFO] [GenericInstanceRegistry] Registered for itself: fr.neatmonster.nocheatplus.utilities.entity.PassengerUtil
24-08-08 19:27:08 [INFO] [GenericInstanceRegistry] Registered for fr.neatmonster.nocheatplus.compat.IBridgeCrossPlugin: fr.neatmonster.nocheatplus.compat.meta.BridgeCrossPlugin
24-08-08 19:27:08 [INFO] [GenericInstanceRegistry] Registered for fr.neatmonster.nocheatplus.compat.MCAccess: fr.neatmonster.nocheatplus.compat.spigotcb1_8_R3.MCAccessSpigotCB1_8_R3
24-08-08 19:27:08 [INFO] [GenericInstanceRegistry] Registered for fr.neatmonster.nocheatplus.utilities.map.BlockCache: fr.neatmonster.nocheatplus.compat.spigotcb1_8_R3.BlockCacheSpigotCB1_8_R3
24-08-08 19:27:08 [INFO] [GenericInstanceRegistry] Registered for fr.neatmonster.nocheatplus.components.modifier.IAttributeAccess: fr.neatmonster.nocheatplus.compat.spigotcb1_8_R3.AttributeAccess
24-08-08 19:27:08 [INFO] [GenericInstanceRegistry] Registered for fr.neatmonster.nocheatplus.components.entity.IEntityAccessVehicle: fr.neatmonster.nocheatplus.compat.bukkit.EntityAccessVehicleLegacy
24-08-08 19:27:08 [INFO] [GenericInstanceRegistry] Registered for itself: fr.neatmonster.nocheatplus.checks.moving.util.AuxMoving
24-08-08 19:27:08 [INFO] Added hook: AllViolations(NCP) [1.0].
24-08-08 19:27:08 [INFO] Added hook: ViolationFrequency(NCP) [1.0].
24-08-08 19:27:08 [INFO] §c§l»Version information«§7
§6§lServer:§7
§7git-Spigot-db6de12-18fbb24 ~MC: 1.8.8~
§7§eDetected: §71.8.8
§6§lNoCheatPlus:§7
§7§ePlugin: §73.17.1-SNAPSHOT-Updated-b192
§7§eMCAccess: §71.8.4-1.8.8 / Spigot-CB-1.8_R3
§6§lFeatures:
§7§eblocks§7: BlocksMC1_4§f, §7BlocksMC1_5§f, §7BlocksMC1_6_1§f, §7BlocksMC1_7_2§f, §7BlocksMC1_8
§7§echecks§7: FastConsume§f, §7Gutenberg
§7§edefaults§7: pvpKnockBackVelocity
§6§lHooks:
§7AllViolations~NCP~ 1.0§f, §7ViolationFrequency~NCP~ 1.0
§c§l»Related Plugins«§7
§7ViaVersion v4.10.2
24-08-08 19:35:52 [INFO] Logger started.
24-08-08 19:35:52 [INFO] Logging system initialized.
24-08-08 19:35:52 [INFO] Detected Minecraft version: 1.8.8
24-08-08 19:35:58 [INFO] McAccess set to: 1.8.4-1.8.8 / Spigot-CB-1.8_R3
24-08-08 19:35:58 [INFO] Applied block patches for multi client protocol support: water_lily, soil, vine, shulker_box
24-08-08 19:35:58 [INFO] Update block-info: Block shape patch for multi client protocol support.
24-08-08 19:35:58 [WARNING] Bad block id (compatibility.blocks.overrideflags): moving_piston
24-08-08 19:35:58 [INFO] Inventory checks: FastConsume is available, disabled InstantEat.
24-08-08 19:35:58 [INFO] Packet level access: ProtocolLib is not available.
24-08-08 19:35:58 [INFO] Version 3.17.1-SNAPSHOT-Updated-b192 is enabled.
24-08-08 19:36:07 [INFO] [GenericInstanceRegistry] Registered (override) for itself: fr.neatmonster.nocheatplus.hooks.ExemptionSettings
24-08-08 19:36:07 [INFO] [GenericInstanceRegistry] Registered for itself: fr.neatmonster.nocheatplus.stats.Counters
24-08-08 19:36:07 [INFO] [GenericInstanceRegistry] Registered for itself: fr.neatmonster.nocheatplus.checks.workaround.WRPT
24-08-08 19:36:07 [INFO] [GenericInstanceRegistry] Registered for itself: fr.neatmonster.nocheatplus.checks.moving.location.tracking.LocationTrace$TraceEntryPool
24-08-08 19:36:07 [INFO] [GenericInstanceRegistry] Registered for itself: fr.neatmonster.nocheatplus.utilities.entity.PassengerUtil
24-08-08 19:36:07 [INFO] [GenericInstanceRegistry] Registered for fr.neatmonster.nocheatplus.compat.IBridgeCrossPlugin: fr.neatmonster.nocheatplus.compat.meta.BridgeCrossPlugin
24-08-08 19:36:07 [INFO] [GenericInstanceRegistry] Registered for fr.neatmonster.nocheatplus.compat.MCAccess: fr.neatmonster.nocheatplus.compat.spigotcb1_8_R3.MCAccessSpigotCB1_8_R3
24-08-08 19:36:07 [INFO] [GenericInstanceRegistry] Registered for fr.neatmonster.nocheatplus.utilities.map.BlockCache: fr.neatmonster.nocheatplus.compat.spigotcb1_8_R3.BlockCacheSpigotCB1_8_R3
24-08-08 19:36:07 [INFO] [GenericInstanceRegistry] Registered for fr.neatmonster.nocheatplus.components.modifier.IAttributeAccess: fr.neatmonster.nocheatplus.compat.spigotcb1_8_R3.AttributeAccess
24-08-08 19:36:07 [INFO] [GenericInstanceRegistry] Registered for fr.neatmonster.nocheatplus.components.entity.IEntityAccessVehicle: fr.neatmonster.nocheatplus.compat.bukkit.EntityAccessVehicleLegacy
24-08-08 19:36:07 [INFO] [GenericInstanceRegistry] Registered for itself: fr.neatmonster.nocheatplus.checks.moving.util.AuxMoving
24-08-08 19:36:07 [INFO] Added hook: AllViolations(NCP) [1.0].
24-08-08 19:36:07 [INFO] Added hook: ViolationFrequency(NCP) [1.0].
24-08-08 19:36:07 [INFO] Post-enable running...
24-08-08 19:36:08 [INFO] Post-enable finished.
24-08-08 19:36:08 [INFO] §c§l»Version information«§7
§6§lServer:§7
§7git-Spigot-db6de12-18fbb24 ~MC: 1.8.8~
§7§eDetected: §71.8.8
§6§lNoCheatPlus:§7
§7§ePlugin: §73.17.1-SNAPSHOT-Updated-b192
§7§eMCAccess: §71.8.4-1.8.8 / Spigot-CB-1.8_R3
§6§lFeatures:
§7§eblocks§7: BlocksMC1_4§f, §7BlocksMC1_5§f, §7BlocksMC1_6_1§f, §7BlocksMC1_7_2§f, §7BlocksMC1_8
§7§echecks§7: FastConsume§f, §7Gutenberg
§7§edefaults§7: pvpKnockBackVelocity
§6§lHooks:
§7AllViolations~NCP~ 1.0§f, §7ViolationFrequency~NCP~ 1.0
§c§l»Related Plugins«§7
§7ViaVersion v4.10.2
