[04:52:16] [Server thread/INFO]: Starting minecraft server version 1.8.8
[04:52:16] [Server thread/INFO]: Loading properties
[04:52:16] [Server thread/INFO]: Default game type: SURVIVAL
[04:52:16] [Server thread/INFO]: This server is running CraftBukkit version git-Spigot-db6de12-18fbb24 (MC: 1.8.8) (Implementing API version 1.8.8-R0.1-SNAPSHOT)
[04:52:17] [Server thread/INFO]: Server Ping Player Sample Count: 12
[04:52:17] [Server thread/INFO]: Using 4 threads for Netty based IO
[04:52:17] [Server thread/INFO]: Debug logging is disabled
[04:52:17] [Server thread/INFO]: Generating keypair
[04:52:17] [Server thread/INFO]: Starting Minecraft server on *:25565
[04:52:17] [Server thread/INFO]: Using epoll channel type
[04:52:17] [Server thread/ERROR]: Could not load 'plugins/Verus-1.0-SNAPSHOT.jar' in folder 'plugins'
org.bukkit.plugin.InvalidDescriptionException: Invalid plugin.yml
	at org.bukkit.plugin.java.JavaPluginLoader.getPluginDescription(JavaPluginLoader.java:162) ~[spigot.jar:git-Spigot-db6de12-18fbb24]
	at org.bukkit.plugin.SimplePluginManager.loadPlugins(SimplePluginManager.java:133) [spigot.jar:git-Spigot-db6de12-18fbb24]
	at org.bukkit.craftbukkit.v1_8_R3.CraftServer.loadPlugins(CraftServer.java:292) [spigot.jar:git-Spigot-db6de12-18fbb24]
	at net.minecraft.server.v1_8_R3.DedicatedServer.init(DedicatedServer.java:198) [spigot.jar:git-Spigot-db6de12-18fbb24]
	at net.minecraft.server.v1_8_R3.MinecraftServer.run(MinecraftServer.java:525) [spigot.jar:git-Spigot-db6de12-18fbb24]
	at java.lang.Thread.run(Thread.java:750) [?:1.8.0_422]
Caused by: java.util.zip.ZipException: invalid END header (bad central directory offset)
	at java.util.zip.ZipFile.open(Native Method) ~[?:1.8.0_422]
	at java.util.zip.ZipFile.<init>(ZipFile.java:231) ~[?:1.8.0_422]
	at java.util.zip.ZipFile.<init>(ZipFile.java:157) ~[?:1.8.0_422]
	at java.util.jar.JarFile.<init>(JarFile.java:169) ~[?:1.8.0_422]
	at java.util.jar.JarFile.<init>(JarFile.java:133) ~[?:1.8.0_422]
	at org.bukkit.plugin.java.JavaPluginLoader.getPluginDescription(JavaPluginLoader.java:150) ~[spigot.jar:git-Spigot-db6de12-18fbb24]
	... 5 more
[04:52:17] [Server thread/INFO]: Set PluginClassLoader as parallel capable
[04:52:18] [Server thread/INFO]: [ChatReplace] Loading ChatReplace v1.0.1
[04:52:18] [Server thread/INFO]: [ChatClear] Loading ChatClear v2.6
[04:52:18] [Server thread/INFO]: [AnimationLib] Loading AnimationLib v1.6.9
[04:52:18] [Server thread/INFO]: [WorldEdit] Loading WorldEdit v6.1.7-SNAPSHOT;3662-a8d04c2
[04:52:18] [Server thread/INFO]: [Essentials] Loading Essentials vTeamCity
[04:52:18] [Server thread/INFO]: [PlaceholderAPI] Loading PlaceholderAPI v2.9.2
[04:52:18] [Server thread/INFO]: [AutoSmelt] Loading AutoSmelt v1.0
[04:52:18] [Server thread/INFO]: [MySkin] Loading MySkin v2.4
[04:52:18] [Server thread/INFO]: [Multiverse-Core] Loading Multiverse-Core v1.1
[04:52:18] [Server thread/INFO]: [ProtocolLib] Loading ProtocolLib v4.4.0
[04:52:18] [Server thread/INFO]: [WorldGuard] Loading WorldGuard v6.1.3-SNAPSHOT;c904242
[04:52:18] [Server thread/INFO]: [LibsDisguises] Loading LibsDisguises v8.6.8
[04:52:18] [Server thread/INFO]: [SkinsRestorer] Loading SkinsRestorer v15.4.0
[04:52:18] [Server thread/INFO]: [MVdWPlaceholderAPI] Loading MVdWPlaceholderAPI v2.5.1
[04:52:18] [Server thread/INFO]: [AutoRestart] Loading AutoRestart v3.3.2
[04:52:18] [Server thread/INFO]: [AAC5] Loading AAC5 v5.0.0-pre9
[04:52:18] [Server thread/INFO]: [KillsCounter] Loading KillsCounter v1.0
[04:52:18] [Server thread/INFO]: [EssentialsChat] Loading EssentialsChat vTeamCity
[04:52:18] [Server thread/INFO]: [PermissionsEx] Loading PermissionsEx v1.23.4
[04:52:18] [Server thread/WARN]: [PermissionsEx] This server is in offline mode. Unless this server is configured to integrate with a supported proxy (see http://dft.ba/-8ous), UUIDs *may not be stable*!
[04:52:18] [Server thread/INFO]: [UltimateBossBar] Loading UltimateBossBar v1.5.0
[04:52:18] [Server thread/INFO]: [ItemList] Loading ItemList v1.0.4
[04:52:18] [Server thread/INFO]: [CustomHelp] Loading CustomHelp v1.1
[04:52:18] [Server thread/INFO]: [Vault] Loading Vault v1.6.1
[04:52:18] [Server thread/INFO]: [BlockParticles] Loading BlockParticles v1.9.7.2
[04:52:18] [Server thread/INFO]: [LeakParkour] Loading LeakParkour v2.4
[04:52:18] [Server thread/INFO]: [GadgetsMenu] Loading GadgetsMenu v4.3.11
[04:52:18] [Server thread/INFO]: [HolographicDisplays] Loading HolographicDisplays v2.1.13
[04:52:18] [Server thread/INFO]: [Citizens] Loading Citizens v2.0.16-SNAPSHOT (build 1267)
[04:52:18] [Server thread/INFO]: [RankCommand] Loading RankCommand v1.4
[04:52:18] [Server thread/INFO]: [LeaderHeads] Loading LeaderHeads v3.1.6
[04:52:18] [Server thread/INFO]: [ItemJoin] Loading ItemJoin v5.0.2
[04:52:18] [Server thread/INFO]: [LostSkyWars] Loading LostSkyWars v1.2.7
[04:52:18] [Server thread/INFO]: [QuestMaster] Loading QuestMaster v0.1
[04:52:18] [Server thread/INFO]: [AnimationLib] Enabling AnimationLib v1.6.9
[04:52:18] [Server thread/INFO]: [ProtocolLib] Enabling ProtocolLib v4.4.0
[04:52:18] [Server thread/INFO]: [ProtocolLib] Started structure compiler thread.
[04:52:18] [Server thread/INFO]: [SkinsRestorer] Enabling SkinsRestorer v15.4.0
[04:52:19] [Server thread/INFO]: [33;1m[[32;22mSkinsRestorer[33;1m] [0;39m[32;1mRunning on Minecraft [33;1m1.8.8[32;1m.[0;39m
[04:52:20] [Server thread/INFO]: [33;1m[[32;22mSkinsRestorer[33;1m] [0;39mPlaceholderAPI expansion registered![0;39m
[04:52:20] [Server thread/WARN]: [33;1m[[32;22mSkinsRestorer[33;1m] [0;39m[33;1mYour Java version "8" is not supported! SkinsRestorer now uses Java 17 primarily.[0;39m
[04:52:20] [Server thread/WARN]: [33;1m[[32;22mSkinsRestorer[33;1m] [0;39m[33;1mThe plugin was "downgraded" to Java 1.8 (Java 8) to ensure compatibility with your server, but it may cause issues.[0;39m
[04:52:20] [Server thread/WARN]: [33;1m[[32;22mSkinsRestorer[33;1m] [0;39m[33;1mThe plugin still works, but it may have Java version related issues.[0;39m
[04:52:20] [Server thread/WARN]: [33;1m[[32;22mSkinsRestorer[33;1m] [0;39m[33;1mPlease update your server Java version to 17 or higher to get the best performance, security and to avoid issues with SkinsRestorer.[0;39m
[04:52:20] [Server thread/INFO]: [AAC5] Enabling AAC5 v5.0.0-pre9
[04:52:20] [Server thread/INFO]: [AAC5] No stale entries to remove
[04:52:31] [Server thread/WARN]: [AAC5] Connection failedjava.net.SocketTimeoutException
[04:52:31] [Server thread/WARN]: [AAC5] Server will start in 20 seconds
